{
  "RSpec": {
    "coverage": {
      "/Users/ashleyschauer/Documents/projects/wedding-budget-mx/app/helpers/application_helper.rb": [
        1,
        null
      ],
      "/Users/ashleyschauer/Documents/projects/wedding-budget-mx/app/helpers/logs_helper.rb": [
        1,
        null
      ],
      "/Users/ashleyschauer/Documents/projects/wedding-budget-mx/app/controllers/logs_controller.rb": [
        1,
        1,
        1,
        null,
        null,
        1,
        0,
        null,
        null
      ],
      "/Users/ashleyschauer/Documents/projects/wedding-budget-mx/app/controllers/application_controller.rb": [
        1,
        1,
        null
      ],
      "/Users/ashleyschauer/Documents/projects/wedding-budget-mx/app/models/log.rb": [
        1,
        null
      ],
      "/Users/ashleyschauer/Documents/projects/wedding-budget-mx/app/models/application_record.rb": [
        1,
        1,
        null
      ],
      "/Users/ashleyschauer/Documents/projects/wedding-budget-mx/app/models/mx/base.rb": [
        1,
        1,
        null,
        1,
        null,
        null,
        null,
        3,
        null,
        null,
        1,
        2,
        2,
        2,
        null,
        2,
        null,
        2,
        null,
        null,
        1,
        2,
        null,
        null,
        null,
        null,
        null,
        null,
        null,
        null
      ],
      "/Users/ashleyschauer/Documents/projects/wedding-budget-mx/app/models/mx/config.rb": [
        1,
        1,
        null,
        1,
        3,
        null,
        null,
        1,
        null
      ]
    },
    "timestamp": 1504732555
  }
}
